<?xml version="1.0" encoding="UTF-8"?>
<testsuite xmlns:xsi="http://www.w3.org/2001/XMLSchema-instance" xsi:noNamespaceSchemaLocation="https://maven.apache.org/surefire/maven-surefire-plugin/xsd/surefire-test-report-3.0.xsd" version="3.0" name="TestSuite" time="121.403" tests="3" errors="0" skipped="0" failures="0">
  <properties>
[...]
</properties>
  <testcase name="VerifyLogin" classname="com.mystore.testcases.TC_MyAccountPageTest" time="11.316">
    <system-out><![CDATA[On Start method invoked....
[DEBUG] 2022-09-06 13:02:11.582 [main] InternalLoggerFactory - Using Log4J2 as the default logging framework
[DEBUG] 2022-09-06 13:02:11.605 [main] ResourceLeakDetector - -Dio.netty.leakDetection.level: simple
[DEBUG] 2022-09-06 13:02:11.605 [main] ResourceLeakDetector - -Dio.netty.leakDetection.targetRecords: 4
[DEBUG] 2022-09-06 13:02:11.616 [main] ResourceLeakDetectorFactory - Loaded default ResourceLeakDetector: io.netty.util.ResourceLeakDetector@21d1b321
[DEBUG] 2022-09-06 13:02:11.669 [main] PlatformDependent0 - -Dio.netty.noUnsafe: false
[DEBUG] 2022-09-06 13:02:11.670 [main] PlatformDependent0 - Java version: 17
[DEBUG] 2022-09-06 13:02:11.675 [main] PlatformDependent0 - sun.misc.Unsafe.theUnsafe: available
[DEBUG] 2022-09-06 13:02:11.677 [main] PlatformDependent0 - sun.misc.Unsafe.copyMemory: available
[DEBUG] 2022-09-06 13:02:11.679 [main] PlatformDependent0 - java.nio.Buffer.address: available
[DEBUG] 2022-09-06 13:02:11.681 [main] PlatformDependent0 - direct buffer constructor: unavailable: Reflective setAccessible(true) disabled
[DEBUG] 2022-09-06 13:02:11.684 [main] PlatformDependent0 - java.nio.Bits.unaligned: available, true
[DEBUG] 2022-09-06 13:02:11.688 [main] PlatformDependent0 - jdk.internal.misc.Unsafe.allocateUninitializedArray(int): unavailable: class io.netty.util.internal.PlatformDependent0$6 cannot access class jdk.internal.misc.Unsafe (in module java.base) because module java.base does not export jdk.internal.misc to unnamed module @4a668b6e
[DEBUG] 2022-09-06 13:02:11.691 [main] PlatformDependent0 - java.nio.DirectByteBuffer.<init>(long, int): unavailable
[DEBUG] 2022-09-06 13:02:11.692 [main] PlatformDependent - sun.misc.Unsafe: available
[DEBUG] 2022-09-06 13:02:11.693 [main] PlatformDependent - maxDirectMemory: 1581252608 bytes (maybe)
[DEBUG] 2022-09-06 13:02:11.693 [main] PlatformDependent - -Dio.netty.tmpdir: C:\Users\sai\AppData\Local\Temp (java.io.tmpdir)
[DEBUG] 2022-09-06 13:02:11.694 [main] PlatformDependent - -Dio.netty.bitMode: 64 (sun.arch.data.model)
[DEBUG] 2022-09-06 13:02:11.695 [main] PlatformDependent - Platform: Windows
[DEBUG] 2022-09-06 13:02:11.697 [main] PlatformDependent - -Dio.netty.maxDirectMemory: -1 bytes
[DEBUG] 2022-09-06 13:02:11.699 [main] PlatformDependent - -Dio.netty.uninitializedArrayAllocationThreshold: -1
[DEBUG] 2022-09-06 13:02:11.704 [main] CleanerJava9 - java.nio.ByteBuffer.cleaner(): available
[DEBUG] 2022-09-06 13:02:11.705 [main] PlatformDependent - -Dio.netty.noPreferDirect: false
[DEBUG] 2022-09-06 13:02:11.723 [main] PlatformDependent - org.jctools-core.MpscChunkedArrayQueue: available
[DEBUG] 2022-09-06 13:02:11.776 [main] InternalThreadLocalMap - -Dio.netty.threadLocalMap.stringBuilder.initialSize: 1024
[DEBUG] 2022-09-06 13:02:11.776 [main] InternalThreadLocalMap - -Dio.netty.threadLocalMap.stringBuilder.maxSize: 4096
[DEBUG] 2022-09-06 13:02:11.915 [main] JdkSslContext - Default protocols (JDK): [TLSv1.3, TLSv1.2] 
[DEBUG] 2022-09-06 13:02:11.916 [main] JdkSslContext - Default cipher suites (JDK): [TLS_ECDHE_ECDSA_WITH_AES_256_GCM_SHA384, TLS_ECDHE_ECDSA_WITH_AES_128_GCM_SHA256, TLS_ECDHE_RSA_WITH_AES_128_GCM_SHA256, TLS_ECDHE_RSA_WITH_AES_256_GCM_SHA384, TLS_ECDHE_RSA_WITH_AES_128_CBC_SHA, TLS_ECDHE_RSA_WITH_AES_256_CBC_SHA, TLS_RSA_WITH_AES_128_GCM_SHA256, TLS_RSA_WITH_AES_128_CBC_SHA, TLS_RSA_WITH_AES_256_CBC_SHA, TLS_AES_128_GCM_SHA256, TLS_AES_256_GCM_SHA384]
[DEBUG] 2022-09-06 13:02:11.981 [main] MultithreadEventLoopGroup - -Dio.netty.eventLoopThreads: 8
[DEBUG] 2022-09-06 13:02:12.007 [main] NioEventLoop - -Dio.netty.noKeySetOptimization: false
[DEBUG] 2022-09-06 13:02:12.008 [main] NioEventLoop - -Dio.netty.selectorAutoRebuildThreshold: 512
[DEBUG] 2022-09-06 13:02:12.131 [main] PooledByteBufAllocator - -Dio.netty.allocator.numHeapArenas: 8
[DEBUG] 2022-09-06 13:02:12.132 [main] PooledByteBufAllocator - -Dio.netty.allocator.numDirectArenas: 8
[DEBUG] 2022-09-06 13:02:12.132 [main] PooledByteBufAllocator - -Dio.netty.allocator.pageSize: 8192
[DEBUG] 2022-09-06 13:02:12.133 [main] PooledByteBufAllocator - -Dio.netty.allocator.maxOrder: 11
[DEBUG] 2022-09-06 13:02:12.133 [main] PooledByteBufAllocator - -Dio.netty.allocator.chunkSize: 16777216
[DEBUG] 2022-09-06 13:02:12.134 [main] PooledByteBufAllocator - -Dio.netty.allocator.smallCacheSize: 256
[DEBUG] 2022-09-06 13:02:12.135 [main] PooledByteBufAllocator - -Dio.netty.allocator.normalCacheSize: 64
[DEBUG] 2022-09-06 13:02:12.136 [main] PooledByteBufAllocator - -Dio.netty.allocator.maxCachedBufferCapacity: 32768
[DEBUG] 2022-09-06 13:02:12.137 [main] PooledByteBufAllocator - -Dio.netty.allocator.cacheTrimInterval: 8192
[DEBUG] 2022-09-06 13:02:12.137 [main] PooledByteBufAllocator - -Dio.netty.allocator.cacheTrimIntervalMillis: 0
[DEBUG] 2022-09-06 13:02:12.138 [main] PooledByteBufAllocator - -Dio.netty.allocator.useCacheForAllThreads: true
[DEBUG] 2022-09-06 13:02:12.138 [main] PooledByteBufAllocator - -Dio.netty.allocator.maxCachedByteBuffersPerChunk: 1023
[DEBUG] 2022-09-06 13:02:12.187 [main] ByteBufUtil - -Dio.netty.allocator.type: pooled
[DEBUG] 2022-09-06 13:02:12.187 [main] ByteBufUtil - -Dio.netty.threadLocalDirectBufferSize: 0
[DEBUG] 2022-09-06 13:02:12.188 [main] ByteBufUtil - -Dio.netty.maxThreadLocalCharBufferSize: 16384
[DEBUG] 2022-09-06 13:02:13.466 [Forwarding newSession on session null to remote] DefaultChannelId - -Dio.netty.processId: 9900 (auto-detected)
[DEBUG] 2022-09-06 13:02:13.471 [Forwarding newSession on session null to remote] NetUtil - -Djava.net.preferIPv4Stack: false
[DEBUG] 2022-09-06 13:02:13.472 [Forwarding newSession on session null to remote] NetUtil - -Djava.net.preferIPv6Addresses: false
[DEBUG] 2022-09-06 13:02:13.498 [Forwarding newSession on session null to remote] NetUtilInitializations - Loopback interface: lo (Software Loopback Interface 1, 127.0.0.1)
[DEBUG] 2022-09-06 13:02:13.505 [Forwarding newSession on session null to remote] NetUtil - Failed to get SOMAXCONN from sysctl and file \proc\sys\net\core\somaxconn. Default: 200
[DEBUG] 2022-09-06 13:02:13.612 [Forwarding newSession on session null to remote] DefaultChannelId - -Dio.netty.machineId: 6c:71:d9:ff:fe:72:be:4b (auto-detected)
[DEBUG] 2022-09-06 13:02:13.751 [AsyncHttpClient-1-2] AbstractByteBuf - -Dio.netty.buffer.checkAccessible: true
[DEBUG] 2022-09-06 13:02:13.752 [AsyncHttpClient-1-2] AbstractByteBuf - -Dio.netty.buffer.checkBounds: true
[DEBUG] 2022-09-06 13:02:13.752 [AsyncHttpClient-1-2] ResourceLeakDetectorFactory - Loaded default ResourceLeakDetector: io.netty.util.ResourceLeakDetector@218b85b
[DEBUG] 2022-09-06 13:02:13.812 [AsyncHttpClient-1-2] Recycler - -Dio.netty.recycler.maxCapacityPerThread: 4096
[DEBUG] 2022-09-06 13:02:13.813 [AsyncHttpClient-1-2] Recycler - -Dio.netty.recycler.maxSharedCapacityFactor: 2
[DEBUG] 2022-09-06 13:02:13.815 [AsyncHttpClient-1-2] Recycler - -Dio.netty.recycler.linkCapacity: 16
[DEBUG] 2022-09-06 13:02:13.815 [AsyncHttpClient-1-2] Recycler - -Dio.netty.recycler.ratio: 8
[DEBUG] 2022-09-06 13:02:13.817 [AsyncHttpClient-1-2] Recycler - -Dio.netty.recycler.delayedQueue.ratio: 8
[DEBUG] 2022-09-06 13:02:14.759 [AsyncHttpClient-1-2] Brotli - brotli4j not in the classpath; Brotli support will be unavailable.
[DEBUG] 2022-09-06 13:02:15.151 [main] ThreadLocalRandom - -Dio.netty.initialSeedUniquifier: 0xac7e98de8a91a51e
[INFO ] 2022-09-06 13:02:25.330 [main] MyStoreV1 - url opened
Name of test method started:VerifyLogin
[INFO ] 2022-09-06 13:02:25.373 [main] MyStoreV1 - ***************TestCase Verify Login starts*****************
[INFO ] 2022-09-06 13:02:29.159 [main] MyStoreV1 - Clicked on sign in link
[INFO ] 2022-09-06 13:02:29.372 [main] MyStoreV1 - Entered email address
[INFO ] 2022-09-06 13:02:29.573 [main] MyStoreV1 - Entered password
[INFO ] 2022-09-06 13:02:33.378 [main] MyStoreV1 - Clicked on sign in link..
[INFO ] 2022-09-06 13:02:33.461 [main] MyStoreV1 - VerifyLogin - Passed
[INFO ] 2022-09-06 13:02:36.679 [main] MyStoreV1 - ***************TestCase Verify Login ends*****************
]]></system-out>
    <system-err><![CDATA[SLF4J: Failed to load class "org.slf4j.impl.StaticLoggerBinder".
SLF4J: Defaulting to no-operation (NOP) logger implementation
SLF4J: See http://www.slf4j.org/codes.html#StaticLoggerBinder for further details.
Starting ChromeDriver 104.0.5112.79 (3cf3e8c8a07d104b9e1260c910efb8f383285dc5-refs/branch-heads/5112@{#1307}) on port 59079
Only local connections are allowed.
Please see https://chromedriver.chromium.org/security-considerations for suggestions on keeping ChromeDriver safe.
ChromeDriver was started successfully.
Sep 06, 2022 1:02:14 PM org.openqa.selenium.remote.ProtocolHandshake createSession
INFO: Detected dialect: W3C
Sep 06, 2022 1:02:15 PM org.openqa.selenium.devtools.CdpVersionFinder findNearestMatch
WARNING: Unable to find an exact match for CDP version 104, so returning the closest version found: a no-op implementation
Sep 06, 2022 1:02:15 PM org.openqa.selenium.devtools.CdpVersionFinder findNearestMatch
INFO: Unable to find CDP implementation matching 104.
Sep 06, 2022 1:02:15 PM org.openqa.selenium.chromium.ChromiumDriver lambda$new$3
WARNING: Unable to find version of CDP to use for . You may need to include a dependency on a specific version of the CDP using something similar to `org.seleniumhq.selenium:selenium-devtools-v86:4.1.1` where the version ("v86") matches the version of the chromium-based browser you're using and the version number of the artifact is the same as Selenium's.
]]></system-err>
  </testcase>
  <testcase name="VerifySignOut" classname="com.mystore.testcases.TC_MyAccountPageTest" time="10.232">
    <system-out><![CDATA[Name of test method sucessfully executed:VerifyLogin
Name of test method started:VerifySignOut
[INFO ] 2022-09-06 13:02:36.725 [main] MyStoreV1 - ***************TestCase Verify Sign out starts*****************
[INFO ] 2022-09-06 13:02:40.388 [main] MyStoreV1 - Clicked on sign in link
[INFO ] 2022-09-06 13:02:40.598 [main] MyStoreV1 - Entered email address
[INFO ] 2022-09-06 13:02:40.807 [main] MyStoreV1 - Entered password
[INFO ] 2022-09-06 13:02:43.358 [main] MyStoreV1 - Clicked on sign in link..
[INFO ] 2022-09-06 13:02:46.954 [main] MyStoreV1 - VerifySignOut - Passed
[INFO ] 2022-09-06 13:02:46.955 [main] MyStoreV1 - ***************TestCase Verify Sign out ends*****************
]]></system-out>
  </testcase>
  <testcase name="verifyAddToWishlistWithoutLogin" classname="com.mystore.testcases.TC_ProductPageTest" time="10.048">
    <system-out><![CDATA[Name of test method sucessfully executed:VerifySignOut
[INFO ] 2022-09-06 13:02:56.078 [main] MyStoreV1 - url opened
Name of test method started:VerifyBuyProduct
[INFO ] 2022-09-06 13:02:56.080 [main] MyStoreV1 - 
***************TestCase Buy Product started*****************
[INFO ] 2022-09-06 13:03:03.127 [main] MyStoreV1 - User Email and Password entered.
[INFO ] 2022-09-06 13:03:08.290 [main] MyStoreV1 - Sign In link clicked
[INFO ] 2022-09-06 13:03:08.518 [main] MyStoreV1 - T-shirt entered in search box
[INFO ] 2022-09-06 13:03:14.408 [main] MyStoreV1 - clicked on search button
Name of test method failed:VerifyBuyProduct
Name of test method started:VerifySearchProduct
[INFO ] 2022-09-06 13:03:24.493 [main] MyStoreV1 - 
***************TestCase Search Product started*****************
[INFO ] 2022-09-06 13:03:32.670 [main] MyStoreV1 - User Email and Password entered.
[INFO ] 2022-09-06 13:03:37.623 [main] MyStoreV1 - Sign In link clicked
[INFO ] 2022-09-06 13:03:45.782 [main] MyStoreV1 - Search Product testcase - Passed
Name of test method failed:VerifySearchProduct
Name of test method started:verifyAddToWishlistWithoutLogin
[INFO ] 2022-09-06 13:03:55.814 [main] MyStoreV1 - 
***************TestCase verifyAddToWishlistWithoutLogin started*****************
[INFO ] 2022-09-06 13:04:06.017 [main] MyStoreV1 - verifyAddToWishlistWithoutLogin - passed
]]></system-out>
    <system-err><![CDATA[Sep 06, 2022 1:02:47 PM org.openqa.selenium.remote.http.WebSocket$Listener onError
WARNING: Connection reset
java.net.SocketException: Connection reset
	at java.base/sun.nio.ch.SocketChannelImpl.throwConnectionReset(SocketChannelImpl.java:394)
	at java.base/sun.nio.ch.SocketChannelImpl.read(SocketChannelImpl.java:426)
	at io.netty.buffer.PooledByteBuf.setBytes(PooledByteBuf.java:253)
	at io.netty.buffer.AbstractByteBuf.writeBytes(AbstractByteBuf.java:1132)
	at io.netty.channel.socket.nio.NioSocketChannel.doReadBytes(NioSocketChannel.java:350)
	at io.netty.channel.nio.AbstractNioByteChannel$NioByteUnsafe.read(AbstractNioByteChannel.java:151)
	at io.netty.channel.nio.NioEventLoop.processSelectedKey(NioEventLoop.java:719)
	at io.netty.channel.nio.NioEventLoop.processSelectedKeysOptimized(NioEventLoop.java:655)
	at io.netty.channel.nio.NioEventLoop.processSelectedKeys(NioEventLoop.java:581)
	at io.netty.channel.nio.NioEventLoop.run(NioEventLoop.java:493)
	at io.netty.util.concurrent.SingleThreadEventExecutor$4.run(SingleThreadEventExecutor.java:986)
	at io.netty.util.internal.ThreadExecutorMap$2.run(ThreadExecutorMap.java:74)
	at io.netty.util.concurrent.FastThreadLocalRunnable.run(FastThreadLocalRunnable.java:30)
	at java.base/java.lang.Thread.run(Thread.java:833)

Starting ChromeDriver 104.0.5112.79 (3cf3e8c8a07d104b9e1260c910efb8f383285dc5-refs/branch-heads/5112@{#1307}) on port 57230
Only local connections are allowed.
Please see https://chromedriver.chromium.org/security-considerations for suggestions on keeping ChromeDriver safe.
ChromeDriver was started successfully.
Sep 06, 2022 1:02:49 PM org.openqa.selenium.remote.ProtocolHandshake createSession
INFO: Detected dialect: W3C
Sep 06, 2022 1:02:49 PM org.openqa.selenium.devtools.CdpVersionFinder findNearestMatch
WARNING: Unable to find an exact match for CDP version 104, so returning the closest version found: a no-op implementation
Sep 06, 2022 1:02:49 PM org.openqa.selenium.devtools.CdpVersionFinder findNearestMatch
INFO: Unable to find CDP implementation matching 104.
Sep 06, 2022 1:02:49 PM org.openqa.selenium.chromium.ChromiumDriver lambda$new$3
WARNING: Unable to find version of CDP to use for . You may need to include a dependency on a specific version of the CDP using something similar to `org.seleniumhq.selenium:selenium-devtools-v86:4.1.1` where the version ("v86") matches the version of the chromium-based browser you're using and the version number of the artifact is the same as Selenium's.
]]></system-err>
  </testcase>
</testsuite>